<?xml version="1.0" encoding="UTF-8"?>
<testsuite xmlns:xsi="http://www.w3.org/2001/XMLSchema-instance" xsi:noNamespaceSchemaLocation="https://maven.apache.org/surefire/maven-surefire-plugin/xsd/surefire-test-report.xsd" name="tests.Test_Coupons" time="982.287" tests="2" errors="1" skipped="0" failures="1">
  <properties>
[...]
</properties>
  <testcase name="coupontest" classname="tests.Test_Coupons" time="334.289">
    <failure type="java.lang.AssertionError">java.lang.AssertionError
	at tests.Test_Coupons.coupontest(Test_Coupons.java:95)
</failure>
    <system-out><![CDATA[//android.widget.Button[@text='Next']
xpath
//android.widget.Button[@text='Next']
Locator is identified - XPath
//android.widget.Button[@text='Next']
xpath
//android.widget.Button[@text='Next']
Locator is identified - XPath
//android.widget.Button[@text='Get Started']
xpath
//android.widget.Button[@text='Get Started']
Locator is identified - XPath
//android.view.View[@text = 'Log In']
xpath
//android.view.View[@text = 'Log In']
Locator is identified - XPath
//android.widget.EditText[@index = 0]
xpath
//android.widget.EditText[@index = 0]
Locator is identified - XPath

//android.widget.EditText[@index = 1]
xpath
//android.widget.EditText[@index = 1]
Locator is identified - XPath

//android.widget.Button[@text = 'Sign in']
xpath
//android.widget.Button[@text = 'Sign in']
Locator is identified - XPath
//android.widget.Button[@text = 'Ok']
xpath
//android.widget.Button[@text = 'Ok']
Locator is identified - XPath
//android.view.View[@text = 'Log In']
xpath
//android.view.View[@text = 'Log In']
Locator is identified - XPath
//android.widget.EditText[@index = 0]
xpath
//android.widget.EditText[@index = 0]
Locator is identified - XPath
jeeva.suriya@gmail.co
//android.widget.EditText[@index = 1]
xpath
//android.widget.EditText[@index = 1]
Locator is identified - XPath
•••••••••••
//android.widget.Button[@text = 'Sign in']
xpath
//android.widget.Button[@text = 'Sign in']
Locator is identified - XPath
//android.widget.EditText[@index=0]
xpath
//android.widget.EditText[@index=0]
Locator is identified - XPath

//android.widget.EditText[@index=1]
xpath
//android.widget.EditText[@index=1]
Locator is identified - XPath

//android.widget.EditText[@index=2]
xpath
//android.widget.EditText[@index=2]
Locator is identified - XPath
Swipe Method Down
2016
1080
coordinates :540  1612 403
//android.widget.Button[@index=2]
xpath
//android.widget.Button[@index=2]
Locator is identified - XPath
Swipe Method Down
2016
1080
coordinates :540  1612 403
//android.widget.RadioButton[@index=3]
xpath
//android.widget.RadioButton[@index=3]
Locator is identified - XPath
//android.view.View[@text = 'Select one']
xpath
//android.view.View[@text = 'Select one']
Locator is identified - XPath
(//android.view.View[@index = 0])[6]
xpath
(//android.view.View[@index = 0])[6]
Locator is identified - XPath
/hierarchy/android.widget.FrameLayout/android.widget.LinearLayout/android.widget.FrameLayout/android.widget.FrameLayout/android.widget.FrameLayout/android.view.View/android.view.View/android.view.View[3]/android.view.View/android.view.View/android.view.View/android.widget.Switch
xpath
/hierarchy/android.widget.FrameLayout/android.widget.LinearLayout/android.widget.FrameLayout/android.widget.FrameLayout/android.widget.FrameLayout/android.view.View/android.view.View/android.view.View[3]/android.view.View/android.view.View/android.view.View/android.widget.Switch
Locator is identified - XPath
/hierarchy/android.widget.FrameLayout/android.widget.LinearLayout/android.widget.FrameLayout/android.widget.FrameLayout/android.widget.FrameLayout/android.view.View/android.view.View/android.view.View[3]/android.view.View/android.view.View/android.view.View/android.widget.CheckBox[1]
xpath
/hierarchy/android.widget.FrameLayout/android.widget.LinearLayout/android.widget.FrameLayout/android.widget.FrameLayout/android.widget.FrameLayout/android.view.View/android.view.View/android.view.View[3]/android.view.View/android.view.View/android.view.View/android.widget.CheckBox[1]
Locator is identified - XPath
/hierarchy/android.widget.FrameLayout/android.widget.LinearLayout/android.widget.FrameLayout/android.widget.FrameLayout/android.widget.FrameLayout/android.view.View/android.view.View/android.view.View[3]/android.view.View/android.view.View/android.view.View/android.widget.CheckBox[2]
xpath
/hierarchy/android.widget.FrameLayout/android.widget.LinearLayout/android.widget.FrameLayout/android.widget.FrameLayout/android.widget.FrameLayout/android.view.View/android.view.View/android.view.View[3]/android.view.View/android.view.View/android.view.View/android.widget.CheckBox[2]
Locator is identified - XPath
//android.widget.Button[@text = 'Create account']
xpath
//android.widget.Button[@text = 'Create account']
Locator is identified - XPath
//android.widget.RadioButton[@index = 0]
xpath
//android.widget.RadioButton[@index = 0]
Locator is identified - XPath
//android.widget.Button[@text='Next']
xpath
//android.widget.Button[@text='Next']
Locator is identified - XPath
//android.view.View[@index = 2]
xpath
//android.view.View[@index = 2]
Locator is identified - XPath
Element is not visible on the screen
Printing Exception
org.openqa.selenium.TimeoutException: Expected condition failed: waiting for visibility of element located by By.xpath: //android.widget.EditText[@text = 'Search all offers'] (tried for 20 second(s) with 500 milliseconds interval)
Test Failed
]]></system-out>
    <system-err><![CDATA[Jun 29, 2020 2:20:58 PM io.appium.java_client.remote.AppiumCommandExecutor$1 lambda$0
INFO: Detected dialect: W3C
]]></system-err>
  </testcase>
  <testcase name="tests.Test_Coupons" classname="tests.Test_Coupons" time="981.307">
    <error message="A session is either terminated or not started&#10;Build info: version: &apos;3.141.59&apos;, revision: &apos;e82be7d358&apos;, time: &apos;2018-11-14T08:17:03&apos;&#10;System info: host: &apos;LAP-LIN-368&apos;, ip: &apos;127.0.1.1&apos;, os.name: &apos;Linux&apos;, os.arch: &apos;amd64&apos;, os.version: &apos;5.3.0-46-generic&apos;, java.version: &apos;1.8.0_252&apos;&#10;Driver info: io.appium.java_client.android.AndroidDriver&#10;Capabilities {BROWSER_NAME: Android, VERSION: 10, appActivity: com.fandomconnect.scorz.Mai..., appPackage: com.buzzconnect.bsa, automationName: UiAutomator2, databaseEnabled: false, desired: {BROWSER_NAME: Android, VERSION: 10, appActivity: com.fandomconnect.scorz.Mai..., appPackage: com.buzzconnect.bsa, automationName: UiAutomator2, deviceName: Mi A2, platformName: android}, deviceApiLevel: 29, deviceManufacturer: Xiaomi, deviceModel: Mi A2, deviceName: 4e02b1a, deviceScreenDensity: 480, deviceScreenSize: 1080x2160, deviceUDID: 4e02b1a, javascriptEnabled: true, locationContextEnabled: false, networkConnectionEnabled: true, pixelRatio: 3, platform: LINUX, platformName: Android, platformVersion: 10, statBarHeight: 72, takesScreenshot: true, viewportRect: {height: 1944, left: 0, top: 72, width: 1080}, warnings: {}, webStorageEnabled: false}&#10;Session ID: 54201a2a-542a-43a7-a0c0-3302aa417d75" type="org.openqa.selenium.NoSuchSessionException">org.openqa.selenium.NoSuchSessionException: 
A session is either terminated or not started
Build info: version: '3.141.59', revision: 'e82be7d358', time: '2018-11-14T08:17:03'
System info: host: 'LAP-LIN-368', ip: '127.0.1.1', os.name: 'Linux', os.arch: 'amd64', os.version: '5.3.0-46-generic', java.version: '1.8.0_252'
Driver info: io.appium.java_client.android.AndroidDriver
Capabilities {BROWSER_NAME: Android, VERSION: 10, appActivity: com.fandomconnect.scorz.Mai..., appPackage: com.buzzconnect.bsa, automationName: UiAutomator2, databaseEnabled: false, desired: {BROWSER_NAME: Android, VERSION: 10, appActivity: com.fandomconnect.scorz.Mai..., appPackage: com.buzzconnect.bsa, automationName: UiAutomator2, deviceName: Mi A2, platformName: android}, deviceApiLevel: 29, deviceManufacturer: Xiaomi, deviceModel: Mi A2, deviceName: 4e02b1a, deviceScreenDensity: 480, deviceScreenSize: 1080x2160, deviceUDID: 4e02b1a, javascriptEnabled: true, locationContextEnabled: false, networkConnectionEnabled: true, pixelRatio: 3, platform: LINUX, platformName: Android, platformVersion: 10, statBarHeight: 72, takesScreenshot: true, viewportRect: {height: 1944, left: 0, top: 72, width: 1080}, warnings: {}, webStorageEnabled: false}
Session ID: 54201a2a-542a-43a7-a0c0-3302aa417d75
	at tests.Test_Coupons.endTest(Test_Coupons.java:104)
</error>
  </testcase>
</testsuite>