-------------------------------------------------------------------------------
Test set: tests.Test_Coupons
-------------------------------------------------------------------------------
Tests run: 2, Failures: 1, Errors: 1, Skipped: 0, Time elapsed: 982.287 s <<< FAILURE! - in tests.Test_Coupons
coupontest(tests.Test_Coupons)  Time elapsed: 334.289 s  <<< FAILURE!
java.lang.AssertionError
	at tests.Test_Coupons.coupontest(Test_Coupons.java:95)

tests.Test_Coupons  Time elapsed: 981.307 s  <<< ERROR!
org.openqa.selenium.NoSuchSessionException: 
A session is either terminated or not started
Build info: version: '3.141.59', revision: 'e82be7d358', time: '2018-11-14T08:17:03'
System info: host: 'LAP-LIN-368', ip: '127.0.1.1', os.name: 'Linux', os.arch: 'amd64', os.version: '5.3.0-46-generic', java.version: '1.8.0_252'
Driver info: io.appium.java_client.android.AndroidDriver
Capabilities {BROWSER_NAME: Android, VERSION: 10, appActivity: com.fandomconnect.scorz.Mai..., appPackage: com.buzzconnect.bsa, automationName: UiAutomator2, databaseEnabled: false, desired: {BROWSER_NAME: Android, VERSION: 10, appActivity: com.fandomconnect.scorz.Mai..., appPackage: com.buzzconnect.bsa, automationName: UiAutomator2, deviceName: Mi A2, platformName: android}, deviceApiLevel: 29, deviceManufacturer: Xiaomi, deviceModel: Mi A2, deviceName: 4e02b1a, deviceScreenDensity: 480, deviceScreenSize: 1080x2160, deviceUDID: 4e02b1a, javascriptEnabled: true, locationContextEnabled: false, networkConnectionEnabled: true, pixelRatio: 3, platform: LINUX, platformName: Android, platformVersion: 10, statBarHeight: 72, takesScreenshot: true, viewportRect: {height: 1944, left: 0, top: 72, width: 1080}, warnings: {}, webStorageEnabled: false}
Session ID: 54201a2a-542a-43a7-a0c0-3302aa417d75
	at tests.Test_Coupons.endTest(Test_Coupons.java:104)

